[    0.000000] Linux version 4.15.0-208-generic (buildd@lcy02-amd64-015) (gcc version 7.5.0 (Ubuntu 7.5.0-3ubuntu1~18.04)) #220-Ubuntu SMP Mon Mar 20 14:27:01 UTC 2023 (Ubuntu 4.15.0-208.220-generic 4.15.18)
[    0.000000] Command line: BOOT_IMAGE=/boot/vmlinuz-4.15.0-208-generic root=LABEL=cloudimg-rootfs ro console=tty1 console=ttyS0
[    0.000000] KERNEL supported cpus:
[    0.000000]   Intel GenuineIntel
[    0.000000]   AMD AuthenticAMD
[    0.000000]   Centaur CentaurHauls
[    0.000000] x86/fpu: Supporting XSAVE feature 0x001: 'x87 floating point registers'
[    0.000000] x86/fpu: Supporting XSAVE feature 0x002: 'SSE registers'
[    0.000000] x86/fpu: Supporting XSAVE feature 0x004: 'AVX registers'
[    0.000000] x86/fpu: xstate_offset[2]:  576, xstate_sizes[2]:  256
[    0.000000] x86/fpu: Enabled xstate features 0x7, context size is 832 bytes, using 'standard' format.
[    0.000000] e820: BIOS-provided physical RAM map:
[    0.000000] BIOS-e820: [mem 0x0000000000000000-0x000000000009fbff] usable
[    0.000000] BIOS-e820: [mem 0x000000000009fc00-0x000000000009ffff] reserved
[    0.000000] BIOS-e820: [mem 0x00000000000f0000-0x00000000000fffff] reserved
[    0.000000] BIOS-e820: [mem 0x0000000000100000-0x000000003ffeffff] usable
[    0.000000] BIOS-e820: [mem 0x000000003fff0000-0x000000003fffffff] ACPI data
[    0.000000] BIOS-e820: [mem 0x00000000fec00000-0x00000000fec00fff] reserved
[    0.000000] BIOS-e820: [mem 0x00000000fee00000-0x00000000fee00fff] reserved
[    0.000000] BIOS-e820: [mem 0x00000000fffc0000-0x00000000ffffffff] reserved
[    0.000000] NX (Execute Disable) protection: active
[    0.000000] SMBIOS 2.5 present.
[    0.000000] DMI: innotek GmbH VirtualBox/VirtualBox, BIOS VirtualBox 12/01/2006
[    0.000000] Hypervisor detected: KVM
[    0.000000] e820: last_pfn = 0x3fff0 max_arch_pfn = 0x400000000
[    0.000000] MTRR: Disabled
[    0.000000] x86/PAT: MTRRs disabled, skipping PAT initialization too.
[    0.000000] CPU MTRRs all blank - virtualized system.
[    0.000000] x86/PAT: Configuration [0-7]: WB  WT  UC- UC  WB  WT  UC- UC  
[    0.000000] found SMP MP-table at [mem 0x0009fff0-0x0009ffff]
[    0.000000] Scanning 1 areas for low memory corruption
[    0.000000] RAMDISK: [mem 0x359c9000-0x36cdbfff]
[    0.000000] ACPI: Early table checksum verification disabled
[    0.000000] ACPI: RSDP 0x00000000000E0000 000024 (v02 VBOX  )
[    0.000000] ACPI: XSDT 0x000000003FFF0030 00003C (v01 VBOX   VBOXXSDT 00000001 ASL  00000061)
[    0.000000] ACPI: FACP 0x000000003FFF00F0 0000F4 (v04 VBOX   VBOXFACP 00000001 ASL  00000061)
[    0.000000] ACPI: DSDT 0x000000003FFF0470 002325 (v02 VBOX   VBOXBIOS 00000002 INTL 20200925)
[    0.000000] ACPI: FACS 0x000000003FFF0200 000040
[    0.000000] ACPI: FACS 0x000000003FFF0200 000040
[    0.000000] ACPI: APIC 0x000000003FFF0240 00005C (v02 VBOX   VBOXAPIC 00000001 ASL  00000061)
[    0.000000] ACPI: SSDT 0x000000003FFF02A0 0001CC (v01 VBOX   VBOXCPUT 00000002 INTL 20200925)
[    0.000000] ACPI: Reserving FACP table memory at [mem 0x3fff00f0-0x3fff01e3]
[    0.000000] ACPI: Reserving DSDT table memory at [mem 0x3fff0470-0x3fff2794]
[    0.000000] ACPI: Reserving FACS table memory at [mem 0x3fff0200-0x3fff023f]
[    0.000000] ACPI: Reserving FACS table memory at [mem 0x3fff0200-0x3fff023f]
[    0.000000] ACPI: Reserving APIC table memory at [mem 0x3fff0240-0x3fff029b]
[    0.000000] ACPI: Reserving SSDT table memory at [mem 0x3fff02a0-0x3fff046b]
[    0.000000] No NUMA configuration found
[    0.000000] Faking a node at [mem 0x0000000000000000-0x000000003ffeffff]
[    0.000000] NODE_DATA(0) allocated [mem 0x3ffc5000-0x3ffeffff]
[    0.000000] kvm-clock: cpu 0, msr 0:3ff44001, primary cpu clock
[    0.000000] kvm-clock: Using msrs 4b564d01 and 4b564d00
[    0.000000] kvm-clock: using sched offset of 3586023615 cycles
[    0.000000] clocksource: kvm-clock: mask: 0xffffffffffffffff max_cycles: 0x1cd42e4dffb, max_idle_ns: 881590591483 ns
[    0.000000] Zone ranges:
[    0.000000]   DMA      [mem 0x0000000000001000-0x0000000000ffffff]
[    0.000000]   DMA32    [mem 0x0000000001000000-0x000000003ffeffff]
[    0.000000]   Normal   empty
[    0.000000]   Device   empty
[    0.000000] Movable zone start for each node
[    0.000000] Early memory node ranges
[    0.000000]   node   0: [mem 0x0000000000001000-0x000000000009efff]
[    0.000000]   node   0: [mem 0x0000000000100000-0x000000003ffeffff]
[    0.000000] Reserved but unavailable: 104 pages
[    0.000000] Initmem setup node 0 [mem 0x0000000000001000-0x000000003ffeffff]
[    0.000000] ACPI: PM-Timer IO Port: 0x4008
[    0.000000] IOAPIC[0]: apic_id 2, version 32, address 0xfec00000, GSI 0-23
[    0.000000] ACPI: INT_SRC_OVR (bus 0 bus_irq 0 global_irq 2 dfl dfl)
[    0.000000] ACPI: INT_SRC_OVR (bus 0 bus_irq 9 global_irq 9 low level)
[    0.000000] Using ACPI (MADT) for SMP configuration information
[    0.000000] smpboot: Allowing 2 CPUs, 0 hotplug CPUs
[    0.000000] PM: Registered nosave memory: [mem 0x00000000-0x00000fff]
[    0.000000] PM: Registered nosave memory: [mem 0x0009f000-0x0009ffff]
[    0.000000] PM: Registered nosave memory: [mem 0x000a0000-0x000effff]
[    0.000000] PM: Registered nosave memory: [mem 0x000f0000-0x000fffff]
[    0.000000] e820: [mem 0x40000000-0xfebfffff] available for PCI devices
[    0.000000] Booting paravirtualized kernel on KVM
[    0.000000] clocksource: refined-jiffies: mask: 0xffffffff max_cycles: 0xffffffff, max_idle_ns: 7645519600211568 ns
[    0.000000] setup_percpu: NR_CPUS:8192 nr_cpumask_bits:2 nr_cpu_ids:2 nr_node_ids:1
[    0.000000] percpu: Embedded 50 pages/cpu s167936 r8192 d28672 u1048576
[    0.000000] PV qspinlock hash table entries: 256 (order: 0, 4096 bytes)
[    0.000000] Built 1 zonelists, mobility grouping on.  Total pages: 257913
[    0.000000] Policy zone: DMA32
[    0.000000] Kernel command line: BOOT_IMAGE=/boot/vmlinuz-4.15.0-208-generic root=LABEL=cloudimg-rootfs ro console=tty1 console=ttyS0
[    0.000000] Memory: 982640K/1048120K available (12300K kernel code, 2477K rwdata, 4324K rodata, 2480K init, 2720K bss, 65480K reserved, 0K cma-reserved)
[    0.000000] SLUB: HWalign=64, Order=0-3, MinObjects=0, CPUs=2, Nodes=1
[    0.000000] Kernel/User page tables isolation: enabled
[    0.000000] ftrace: allocating 39494 entries in 155 pages
[    0.004000] Hierarchical RCU implementation.
[    0.004000] 	RCU restricting CPUs from NR_CPUS=8192 to nr_cpu_ids=2.
[    0.004000] 	Tasks RCU enabled.
[    0.004000] RCU: Adjusting geometry for rcu_fanout_leaf=16, nr_cpu_ids=2
[    0.004000] NR_IRQS: 524544, nr_irqs: 440, preallocated irqs: 16
[    0.004000] random: crng init done
[    0.004000] Console: colour VGA+ 80x25
[    0.004000] console [tty1] enabled
[    0.004000] console [ttyS0] enabled
[    0.004000] ACPI: Core revision 20170831
[    0.004000] ACPI: 2 ACPI AML tables successfully acquired and loaded
[    0.004000] APIC: Switch to symmetric I/O mode setup
[    0.004000] x2apic enabled
[    0.004000] Switched APIC routing to physical x2apic.
[    0.006023] ..TIMER: vector=0x30 apic1=0 pin1=2 apic2=-1 pin2=-1
[    0.008005] tsc: Detected 2712.008 MHz processor
[    0.009476] Calibrating delay loop (skipped) preset value.. 5424.01 BogoMIPS (lpj=10848032)
[    0.012004] pid_max: default: 32768 minimum: 301
[    0.014941] Security Framework initialized
[    0.016003] Yama: becoming mindful.
[    0.017170] AppArmor: AppArmor initialized
[    0.020978] Dentry cache hash table entries: 131072 (order: 8, 1048576 bytes)
[    0.024084] Inode-cache hash table entries: 65536 (order: 7, 524288 bytes)
[    0.026199] Mount-cache hash table entries: 2048 (order: 2, 16384 bytes)
[    0.028008] Mountpoint-cache hash table entries: 2048 (order: 2, 16384 bytes)
[    0.030565] Last level iTLB entries: 4KB 64, 2MB 8, 4MB 8
[    0.032003] Last level dTLB entries: 4KB 64, 2MB 0, 4MB 0, 1GB 4
[    0.033866] Spectre V1 : Mitigation: usercopy/swapgs barriers and __user pointer sanitization
[    0.036003] Spectre V2 : Mitigation: Retpolines
[    0.037463] Spectre V2 : Spectre v2 / SpectreRSB mitigation: Filling RSB on context switch
[    0.040002] Spectre V2 : Spectre v2 / SpectreRSB : Filling RSB on VMEXIT
[    0.042057] RETBleed: WARNING: Spectre v2 mitigation leaves CPU vulnerable to RETBleed attacks, data leaks possible!
[    0.044002] RETBleed: Vulnerable
[    0.045088] Speculative Store Bypass: Vulnerable
[    0.048146] MDS: Mitigation: Clear CPU buffers
[    0.049589] MMIO Stale Data: Mitigation: Clear CPU buffers
[    0.052005] SRBDS: Unknown: Dependent on hypervisor status
[    0.054012] Freeing SMP alternatives memory: 36K
[    0.166883] smpboot: CPU0: Intel(R) Core(TM) i5-7200U CPU @ 2.50GHz (family: 0x6, model: 0x8e, stepping: 0x9)
[    0.168000] Performance Events: unsupported p6 CPU model 142 no PMU driver, software events only.
[    0.168045] Hierarchical SRCU implementation.
[    0.172030] NMI watchdog: Perf event create on CPU 0 failed with -2
[    0.173958] NMI watchdog: Perf NMI watchdog permanently disabled
[    0.175881] smp: Bringing up secondary CPUs ...
[    0.176100] x86: Booting SMP configuration:
[    0.177524] .... node  #0, CPUs:      #1
[    0.004000] kvm-clock: cpu 1, msr 0:3ff44041, secondary cpu clock
[    0.183602] smp: Brought up 1 node, 2 CPUs
[    0.184011] smpboot: Max logical packages: 1
[    0.185437] smpboot: Total of 2 processors activated (10848.03 BogoMIPS)
[    0.188155] devtmpfs: initialized
[    0.189231] x86/mm: Memory block size: 128MB
[    0.190865] evm: security.selinux
[    0.192008] evm: security.SMACK64
[    0.193143] evm: security.SMACK64EXEC
[    0.194366] evm: security.SMACK64TRANSMUTE
[    0.196004] evm: security.SMACK64MMAP
[    0.197209] evm: security.apparmor
[    0.198346] evm: security.ima
[    0.200002] evm: security.capability
[    0.201261] clocksource: jiffies: mask: 0xffffffff max_cycles: 0xffffffff, max_idle_ns: 7645041785100000 ns
[    0.204025] futex hash table entries: 512 (order: 3, 32768 bytes)
[    0.205971] pinctrl core: initialized pinctrl subsystem
[    0.208970] RTC time:  1:34:38, date: 03/31/23
[    0.210684] NET: Registered protocol family 16
[    0.212117] audit: initializing netlink subsys (disabled)
[    0.213834] audit: type=2000 audit(1680226482.579:1): state=initialized audit_enabled=0 res=1
[    0.216015] cpuidle: using governor ladder
[    0.217437] cpuidle: using governor menu
[    0.218810] ACPI: bus type PCI registered
[    0.220005] acpiphp: ACPI Hot Plug PCI Controller Driver version: 0.5
[    0.224144] PCI: Using configuration type 1 for base access
[    0.225592] HugeTLB registered 2.00 MiB page size, pre-allocated 0 pages
[    0.228096] ACPI: Added _OSI(Module Device)
[    0.229202] ACPI: Added _OSI(Processor Device)
[    0.230328] ACPI: Added _OSI(3.0 _SCP Extensions)
[    0.232004] ACPI: Added _OSI(Processor Aggregator Device)
[    0.233608] ACPI: Added _OSI(Linux-Dell-Video)
[    0.236000] ACPI: Added _OSI(Linux-Lenovo-NV-HDMI-Audio)
[    0.236012] ACPI: Added _OSI(Linux-HPI-Hybrid-Graphics)
[    0.238026] ACPI: Executed 1 blocks of module-level executable AML code
[    0.245500] ACPI: Interpreter enabled
[    0.246723] ACPI: (supports S0 S5)
[    0.247860] ACPI: Using IOAPIC for interrupt routing
[    0.248381] PCI: Using host bridge windows from ACPI; if necessary, use "pci=nocrs" and report a bug
[    0.252234] ACPI: Enabled 2 GPEs in block 00 to 07
[    0.263153] ACPI: PCI Root Bridge [PCI0] (domain 0000 [bus 00-ff])
[    0.264009] acpi PNP0A03:00: _OSC: OS supports [ASPM ClockPM Segments MSI]
[    0.268058] acpi PNP0A03:00: _OSC: not requesting OS control; OS requires [ExtendedConfig ASPM ClockPM MSI]
[    0.271132] acpi PNP0A03:00: fail to add MMCONFIG information, can't access extended PCI configuration space under this bridge.
[    0.272529] PCI host bridge to bus 0000:00
[    0.276005] pci_bus 0000:00: root bus resource [io  0x0000-0x0cf7 window]
[    0.280008] pci_bus 0000:00: root bus resource [io  0x0d00-0xffff window]
[    0.282095] pci_bus 0000:00: root bus resource [mem 0x000a0000-0x000bffff window]
[    0.284005] pci_bus 0000:00: root bus resource [mem 0x40000000-0xfdffffff window]
[    0.286425] pci_bus 0000:00: root bus resource [bus 00-ff]
[    0.290457] pci 0000:00:01.1: legacy IDE quirk: reg 0x10: [io  0x01f0-0x01f7]
[    0.292004] pci 0000:00:01.1: legacy IDE quirk: reg 0x14: [io  0x03f6]
[    0.294006] pci 0000:00:01.1: legacy IDE quirk: reg 0x18: [io  0x0170-0x0177]
[    0.296003] pci 0000:00:01.1: legacy IDE quirk: reg 0x1c: [io  0x0376]
[    0.318198] pci 0000:00:07.0: quirk: [io  0x4000-0x403f] claimed by PIIX4 ACPI
[    0.320022] pci 0000:00:07.0: quirk: [io  0x4100-0x410f] claimed by PIIX4 SMB
[    0.335159] ACPI: PCI Interrupt Link [LNKA] (IRQs 5 9 10 *11)
[    0.336495] ACPI: PCI Interrupt Link [LNKB] (IRQs 5 9 *10 11)
[    0.338448] ACPI: PCI Interrupt Link [LNKC] (IRQs 5 *9 10 11)
[    0.340167] ACPI: PCI Interrupt Link [LNKD] (IRQs 5 9 10 *11)
[    0.342462] SCSI subsystem initialized
[    0.344058] pci 0000:00:02.0: vgaarb: setting as boot VGA device
[    0.345888] pci 0000:00:02.0: vgaarb: VGA device added: decodes=io+mem,owns=io+mem,locks=none
[    0.348012] pci 0000:00:02.0: vgaarb: bridge control possible
[    0.349788] vgaarb: loaded
[    0.352038] ACPI: bus type USB registered
[    0.353372] usbcore: registered new interface driver usbfs
[    0.355120] usbcore: registered new interface driver hub
[    0.356012] usbcore: registered new device driver usb
[    0.357663] EDAC MC: Ver: 3.0.0
[    0.360300] PCI: Using ACPI for IRQ routing
[    0.361740] NetLabel: Initializing
[    0.362981] NetLabel:  domain hash size = 128
[    0.364005] NetLabel:  protocols = UNLABELED CIPSOv4 CALIPSO
[    0.365786] NetLabel:  unlabeled traffic allowed by default
[    0.368150] clocksource: Switched to clocksource kvm-clock
[    0.384898] VFS: Disk quotas dquot_6.6.0
[    0.386357] VFS: Dquot-cache hash table entries: 512 (order 0, 4096 bytes)
[    0.388660] AppArmor: AppArmor Filesystem Enabled
[    0.390215] pnp: PnP ACPI init
[    0.392727] pnp: PnP ACPI: found 3 devices
[    0.403358] clocksource: acpi_pm: mask: 0xffffff max_cycles: 0xffffff, max_idle_ns: 2085701024 ns
[    0.406263] NET: Registered protocol family 2
[    0.407711] IP idents hash table entries: 16384 (order: 5, 131072 bytes)
[    0.410946] TCP established hash table entries: 8192 (order: 4, 65536 bytes)
[    0.413290] TCP bind hash table entries: 8192 (order: 5, 131072 bytes)
[    0.415304] TCP: Hash tables configured (established 8192 bind 8192)
[    0.417310] UDP hash table entries: 512 (order: 2, 16384 bytes)
[    0.419141] UDP-Lite hash table entries: 512 (order: 2, 16384 bytes)
[    0.421185] NET: Registered protocol family 1
[    0.422313] pci 0000:00:00.0: Limiting direct PCI/PCI transfers
[    0.423777] pci 0000:00:01.0: Activating ISA DMA hang workarounds
[    0.425324] pci 0000:00:02.0: Video device with shadowed ROM at [mem 0x000c0000-0x000dffff]
[    0.427457] Unpacking initramfs...
[    0.792488] Freeing initrd memory: 19532K
[    0.793901] clocksource: tsc: mask: 0xffffffffffffffff max_cycles: 0x27178e04de3, max_idle_ns: 440795318971 ns
[    0.796502] platform rtc_cmos: registered platform RTC device (no PNP device found)
[    0.799911] Scanning for low memory corruption every 60 seconds
[    0.803358] Initialise system trusted keyrings
[    0.804993] Key type blacklist registered
[    0.806394] workingset: timestamp_bits=36 max_order=18 bucket_order=0
[    0.811120] zbud: loaded
[    0.814088] squashfs: version 4.0 (2009/01/31) Phillip Lougher
[    0.822305] fuse init (API version 7.26)
[    0.826315] Key type asymmetric registered
[    0.827693] Asymmetric key parser 'x509' registered
[    0.829436] Block layer SCSI generic (bsg) driver version 0.4 loaded (major 246)
[    0.831881] io scheduler noop registered
[    0.833202] io scheduler deadline registered
[    0.834628] io scheduler cfq registered (default)
[    0.836509] ACPI: AC Adapter [AC] (on-line)
[    0.837917] input: Power Button as /devices/LNXSYSTM:00/LNXPWRBN:00/input/input0
[    0.840362] ACPI: Power Button [PWRF]
[    0.841657] input: Sleep Button as /devices/LNXSYSTM:00/LNXSLPBN:00/input/input1
[    0.844016] ACPI: Sleep Button [SLPF]
[    0.845790] Serial: 8250/16550 driver, 32 ports, IRQ sharing enabled
[    0.868897] 00:02: ttyS0 at I/O 0x3f8 (irq = 4, base_baud = 115200) is a 16550A
[    0.874893] Linux agpgart interface v0.103
[    0.879090] loop: module loaded
[    0.881026] scsi host0: ata_piix
[    0.882407] scsi host1: ata_piix
[    0.883537] ata1: PATA max UDMA/33 cmd 0x1f0 ctl 0x3f6 bmdma 0xd000 irq 14
[    0.885589] ata2: PATA max UDMA/33 cmd 0x170 ctl 0x376 bmdma 0xd008 irq 15
[    0.887817] tun: Universal TUN/TAP device driver, 1.6
[    0.889787] PPP generic driver version 2.4.2
[    0.891252] ehci_hcd: USB 2.0 'Enhanced' Host Controller (EHCI) Driver
[    0.893194] ehci-pci: EHCI PCI platform driver
[    0.894633] ehci-platform: EHCI generic platform driver
[    0.896348] ohci_hcd: USB 1.1 'Open' Host Controller (OHCI) Driver
[    0.898230] ohci-pci: OHCI PCI platform driver
[    0.899627] ohci-platform: OHCI generic platform driver
[    0.901200] uhci_hcd: USB Universal Host Controller Interface driver
[    0.903099] i8042: PNP: PS/2 Controller [PNP0303:PS2K,PNP0f03:PS2M] at 0x60,0x64 irq 1,12
[    0.906231] serio: i8042 KBD port at 0x60,0x64 irq 1
[    0.907761] serio: i8042 AUX port at 0x60,0x64 irq 12
[    0.909470] mousedev: PS/2 mouse device common for all mice
[    0.911789] input: AT Translated Set 2 keyboard as /devices/platform/i8042/serio0/input/input2
[    0.914592] rtc_cmos rtc_cmos: rtc core: registered rtc_cmos as rtc0
[    0.916520] rtc_cmos rtc_cmos: alarms up to one day, 114 bytes nvram
[    0.918362] i2c /dev entries driver
[    0.919648] device-mapper: uevent: version 1.0.3
[    0.921224] device-mapper: ioctl: 4.37.0-ioctl (2017-09-20) initialised: dm-devel@redhat.com
[    0.923831] ledtrig-cpu: registered to indicate activity on CPUs
[    0.926080] NET: Registered protocol family 10
[    0.932223] Segment Routing with IPv6
[    0.933468] NET: Registered protocol family 17
[    0.935033] Key type dns_resolver registered
[    0.936798] mce: Using 0 MCE banks
[    0.937946] RAS: Correctable Errors collector initialized.
[    0.939624] sched_clock: Marking stable (936757086, 0)->(1205425542, -268668456)
[    0.942623] registered taskstats version 1
[    0.944014] Loading compiled-in X.509 certificates
[    0.948399] Loaded X.509 cert 'Build time autogenerated kernel key: 05d3fa630a0ed8a65520e390196b077fd5e65720'
[    0.951943] Loaded X.509 cert 'Canonical Ltd. Live Patch Signing: 14df34d1a87cf37625abec039ef2bf521249b969'
[    0.955497] Loaded X.509 cert 'Canonical Ltd. Kernel Module Signing: 88f752e560a1e0737e31163a466ad7b70a850c19'
[    0.958434] blacklist: Loading compiled-in revocation X.509 certificates
[    0.960481] Loaded X.509 cert 'Canonical Ltd. Secure Boot Signing: 61482aa2830d0ab2ad5af10b7250da9033ddcef0'
[    0.963404] Loaded X.509 cert 'Canonical Ltd. Secure Boot Signing (2017): 242ade75ac4a15e50d50c84b0d45ff3eae707a03'
[    0.966381] Loaded X.509 cert 'Canonical Ltd. Secure Boot Signing (ESM 2018): 365188c1d374d6b07c3c8f240f8ef722433d6a8b'
[    0.969519] Loaded X.509 cert 'Canonical Ltd. Secure Boot Signing (2019): c0746fd6c5da3ae827864651ad66ae47fe24b3e8'
[    0.972127] Loaded X.509 cert 'Canonical Ltd. Secure Boot Signing (2021 v1): a8d54bbb3825cfb94fa13c9f8a594a195c107b8d'
[    0.974754] Loaded X.509 cert 'Canonical Ltd. Secure Boot Signing (2021 v2): 4cf046892d6fd3c9a5b03f98d845f90851dc6a8c'
[    0.977302] Loaded X.509 cert 'Canonical Ltd. Secure Boot Signing (2021 v3): 100437bb6de6e469b581e61cd66bce3ef4ed53af'
[    0.981398] Loaded X.509 cert 'Canonical Ltd. Secure Boot Signing (Ubuntu Core 2019): c1d57b8f6b743f23ee41f4f7ee292f06eecadfb9'
[    0.986098] zswap: loaded using pool lzo/zbud
[    0.992296] Key type big_key registered
[    0.993605] Key type trusted registered
[    0.997032] Key type encrypted registered
[    0.998375] AppArmor: AppArmor sha1 policy hashing enabled
[    1.000109] ima: No TPM chip found, activating TPM-bypass! (rc=-19)
[    1.002049] ima: Allocated hash algorithm: sha1
[    1.003500] evm: HMAC attrs: 0x1
[    1.005105]   Magic number: 15:443:560
[    1.006223] rtc_cmos rtc_cmos: setting system clock to 2023-03-31 01:34:38 UTC (1680226478)
[    1.008416] BIOS EDD facility v0.16 2004-Jun-25, 0 devices found
[    1.009871] EDD information not available.
[    1.071856] Freeing unused kernel image memory: 2480K
[    1.088339] Write protecting the kernel read-only data: 20480k
[    1.090788] Freeing unused kernel image memory: 2008K
[    1.092536] Freeing unused kernel image memory: 1820K
[    1.105822] x86/mm: Checked W+X mappings: passed, no W+X pages found.
[    1.107771] x86/mm: Checking user space page tables
[    1.121958] x86/mm: Checked W+X mappings: passed, no W+X pages found.
Loading, please wait...
starting version 237
[    1.222804] Fusion MPT base driver 3.04.20
[    1.224459] Copyright (c) 1999-2008 LSI Corporation
[    1.228915] e1000: Intel(R) PRO/1000 Network Driver - version 7.3.21-k8-NAPI
[    1.231157] e1000: Copyright (c) 1999-2006 Intel Corporation.
[    1.239217] Fusion MPT SPI Host driver 3.04.20
[    1.250852] AVX2 version of gcm_enc/dec engaged.
[    1.252430] AES CTR mode by8 optimization enabled
[    1.438306] input: ImExPS/2 Generic Explorer Mouse as /devices/platform/i8042/serio1/input/input4
[    1.651326] e1000 0000:00:03.0 eth0: (PCI:33MHz:32-bit) 02:59:f1:88:50:de
[    1.653089] e1000 0000:00:03.0 eth0: Intel(R) PRO/1000 Network Connection
[    1.655957] mptbase: ioc0: Initiating bringup
[    1.753085] ioc0: LSI53C1030 A0: Capabilities={Initiator}
[    1.999101] scsi host2: ioc0: LSI53C1030 A0, FwRev=00000000h, Ports=1, MaxQ=256, IRQ=20
[    2.169626] scsi 2:0:0:0: Direct-Access     VBOX     HARDDISK         1.0  PQ: 0 ANSI: 5
[    2.232101] scsi target2:0:0: Beginning Domain Validation
[    2.239147] scsi target2:0:0: Domain Validation skipping write tests
[    2.243574] scsi target2:0:0: Ending Domain Validation
[    2.249907] scsi target2:0:0: asynchronous
[    2.253836] scsi 2:0:1:0: Direct-Access     VBOX     HARDDISK         1.0  PQ: 0 ANSI: 5
[    2.599944] scsi target2:0:1: Beginning Domain Validation
[    2.603144] scsi target2:0:1: Domain Validation skipping write tests
[    2.605967] scsi target2:0:1: Ending Domain Validation
[    2.607954] scsi target2:0:1: asynchronous
[    2.614450] sd 2:0:0:0: [sda] 83886080 512-byte logical blocks: (42.9 GB/40.0 GiB)
[    2.617153] e1000 0000:00:08.0 eth1: (PCI:33MHz:32-bit) 08:00:27:81:07:0d
[    2.617669] sd 2:0:0:0: Attached scsi generic sg0 type 0
[    2.619993] e1000 0000:00:08.0 eth1: Intel(R) PRO/1000 Network Connection
[    2.620063] sd 2:0:0:0: [sda] Write Protect is off
[    2.622161] sd 2:0:1:0: Attached scsi generic sg1 type 0
[    2.627407] sd 2:0:1:0: [sdb] 20480 512-byte logical blocks: (10.5 MB/10.0 MiB)
[    2.630009] sd 2:0:1:0: [sdb] Write Protect is off
[    2.633660] sd 2:0:0:0: [sda] Incomplete mode parameter data
[    2.633877] sd 2:0:1:0: [sdb] Incomplete mode parameter data
[    2.635566] sd 2:0:0:0: [sda] Assuming drive cache: write through
[    2.637371] sd 2:0:1:0: [sdb] Assuming drive cache: write through
[    2.654938]  sda: sda1
[    2.656752] sd 2:0:1:0: [sdb] Attached SCSI disk
[    2.658679] sd 2:0:0:0: [sda] Attached SCSI disk
[    2.661604] e1000 0000:00:08.0 enp0s8: renamed from eth1
[    2.684311] e1000 0000:00:03.0 enp0s3: renamed from eth0
Begin: Loading essential drivers ... [    4.492090] raid6: sse2x1   gen()  8634 MB/s
[    4.540045] raid6: sse2x1   xor()  6213 MB/s
[    4.588077] raid6: sse2x2   gen() 10671 MB/s
[    4.636041] raid6: sse2x2   xor()  7162 MB/s
[    4.684050] raid6: sse2x4   gen() 12240 MB/s
[    4.732078] raid6: sse2x4   xor()  7327 MB/s
[    4.780075] raid6: avx2x1   gen() 17346 MB/s
[    4.828077] raid6: avx2x1   xor() 11534 MB/s
[    4.876074] raid6: avx2x2   gen() 20413 MB/s
[    4.924082] raid6: avx2x2   xor() 13089 MB/s
[    4.972074] raid6: avx2x4   gen() 24214 MB/s
[    5.020112] raid6: avx2x4   xor() 14933 MB/s
[    5.021576] raid6: using algorithm avx2x4 gen() 24214 MB/s
[    5.023315] raid6: .... xor() 14933 MB/s, rmw enabled
[    5.024941] raid6: using avx2x2 recovery algorithm
[    5.028283] xor: automatically using best checksumming function   avx       
[    5.032053] async_tx: api initialized (async)
done.
Begin: Running /scripts/init-premount ... done.
Begin: Mounting root file system ... Begin: Running /scripts/local-top ... done.
Begin: Running /scripts/local-premount ... [    5.098279] Btrfs loaded, crc32c=crc32c-intel
Scanning for Btrfs filesystems
done.
Warning: fsck not present, so skipping root file system
[    5.144717] EXT4-fs (sda1): mounted filesystem with ordered data mode. Opts: (null)
done.
Begin: Running /scripts/local-bottom ... done.
Begin: Running /scripts/init-bottom ... done.
[    5.386343] ip_tables: (C) 2000-2006 Netfilter Core Team
[    5.400147] systemd[1]: systemd 237 running in system mode. (+PAM +AUDIT +SELINUX +IMA +APPARMOR +SMACK +SYSVINIT +UTMP +LIBCRYPTSETUP +GCRYPT +GNUTLS +ACL +XZ +LZ4 +SECCOMP +BLKID +ELFUTILS +KMOD -IDN2 +IDN -PCRE2 default-hierarchy=hybrid)
[    5.407346] systemd[1]: Detected virtualization oracle.
[    5.409064] systemd[1]: Detected architecture x86-64.

Welcome to [1mUbuntu 18.04.6 LTS[0m!

[    5.416784] systemd[1]: Set hostname to <ubuntu>.
[    5.421068] systemd[1]: Initializing machine ID from random generator.
[    5.423368] systemd[1]: Installed transient /etc/machine-id file.
[    5.807744] systemd[1]: Created slice User and Session Slice.
[[0;32m  OK  [0m] Created slice User and Session Slice.
[    5.811276] systemd[1]: Reached target Swap.
[[0;32m  OK  [0m] Reached target Swap.
[    5.813889] systemd[1]: Created slice System Slice.
[[0;32m  OK  [0m] Created slice System Slice.
[    5.828295] systemd[1]: Listening on udev Kernel Socket.
[[0;32m  OK  [0m] Listening on udev Kernel Socket.
[[0;32m  OK  [0m] Listening on Journal Audit Socket.
[[0;32m  OK  [0m] Reached target System Time Synchronized.
[[0;32m  OK  [0m] Listening on Network Service Netlink Socket.
[[0;32m  OK  [0m] Reached target Slices.
[[0;32m  OK  [0m] Listening on LVM2 poll daemon socket.
[[0;32m  OK  [0m] Listening on Device-mapper event daemon FIFOs.
[[0;32m  OK  [0m] Reached target Mounting snaps.
[[0;32m  OK  [0m] Listening on fsck to fsckd communication Socket.
[[0;32m  OK  [0m] Set up automount Arbitrary Executab…rmats File System Automount Point.
[[0;32m  OK  [0m] Listening on Journal Socket.
         Mounting Kernel Debug File System...
         Starting Uncomplicated firewall...
[[0;32m  OK  [0m] Listening on Syslog Socket.
         Mounting POSIX Message Queue File System...
[[0;32m  OK  [0m] Listening on udev Control Socket.
         Starting udev Coldplug all Devices...
[[0;32m  OK  [0m] Listening on Journal Socket (/dev/log).
         Starting Journal Service...
         Starting File System Check on Root Device...
         Mounting Huge Pages File System...
         Starting Set the console keyboard layout...
[[0;32m  OK  [0m] Started Forward Password Requests to Wall Directory Watch.
         Starting Create list of required st…ce nodes for the current kernel...
[[0;32m  OK  [0m] Reached target Mounted snaps.
[[0;32m  OK  [0m] Created slice system-serial\x2dgetty.slice.
[[0;32m  OK  [0m] Listening on /dev/initctl Compatibility Named Pipe.
         Starting Load Kernel Modules...
[[0;32m  OK  [0m] Reached target User and Group Name Lookups.
[[0;32m  OK  [0m] Listening on LVM2 metadata daemon socket.
         Starting Monitoring of LVM2 mirrors…ng dmeventd or progress polling...
[[0;32m  OK  [0m] Started Journal Service.
[[0;32m  OK  [0m] Mounted Kernel Debug File System.
[[0;32m  OK  [0m] Started Uncomplicated firewall.
[[0;32m  OK  [0m] Mounted POSIX Message Queue File System.
[[0;32m  OK  [0m] Mounted Huge Pages File System.
[[0;32m  OK  [0m] Started Create list of required sta…vice nodes for the current kernel.
[[0;32m  OK  [0m] Started File System Check Daemon to report status.
         Starting Create Static Device Nodes in /dev...
[    5.971282] Loading iSCSI transport class v2.0-870.
[    5.982570] iscsi: registered transport (tcp)
[[0;32m  OK  [0m] Started udev Coldplug all Devices.
[[0;32m  OK  [0m] Started File System Check on Root Device.
         Starting Remount Root and Kernel File Systems...
[[0;32m  OK  [0m] Started Create Static Device Nodes in /dev.
[[0;32m  OK  [0m] Started LVM2 metadata daemon.
[    6.100956] iscsi: registered transport (iser)
[[0;32m  OK  [0m] Started Load Kernel Modules.
         Starting Apply Kernel Variables...
         Mounting FUSE Control File System...
         Mounting Kernel Configuration File System...
[[0;32m  OK  [0m] Mounted Kernel Configuration File System.
[[0;32m  OK  [0m] Mounted FUSE Control File System.
[[0;32m  OK  [0m] Started Remount Root and Kernel File Systems.
         Starting Load/Save Random Seed...
         Starting Flush Journal to Persistent Storage...
         Starting udev Kernel Device Manager...
[[0;32m  OK  [0m] Started Monitoring of LVM2 mirrors,…sing dmeventd or progress polling.
[[0;32m  OK  [0m] Started Apply Kernel Variables.
[[0;32m  OK  [0m] Started Load/Save Random Seed.
[[0;32m  OK  [0m] Started udev Kernel Device Manager.
[[0;32m  OK  [0m] Started Flush Journal to Persistent Storage.
[[0;32m  OK  [0m] Started Set the console keyboard layout.
[[0;32m  OK  [0m] Started Dispatch Password Requests to Console Directory Watch.
[[0;32m  OK  [0m] Reached target Local Encrypted Volumes.
[[0;32m  OK  [0m] Reached target Local File Systems (Pre).
[[0;32m  OK  [0m] Reached target Local File Systems.
         Starting Set console font and keymap...
         Starting Commit a transient machine-id on disk...
         Starting ebtables ruleset management...
         Starting Tell Plymouth To Write Out Runtime Data...
         Starting AppArmor initialization...
         Starting Create Volatile Files and Directories...
[[0;32m  OK  [0m] Started Set console font and keymap.
[[0;32m  OK  [0m] Started Tell Plymouth To Write Out Runtime Data.
[[0;32m  OK  [0m] Started Commit a transient machine-id on disk.
[[0;32m  OK  [0m] Started Create Volatile Files and Directories.
         Starting Update UTMP about System Boot/Shutdown...
[[0;32m  OK  [0m] Started Update UTMP about System Boot/Shutdown.
[[0;32m  OK  [0m] Started ebtables ruleset management.
[[0;32m  OK  [0m] Found device /dev/ttyS0.
[[0;32m  OK  [0m] Listening on Load/Save RF Kill Switch Status /dev/rfkill Watch.
         Mounting Arbitrary Executable File Formats File System...
[[0;32m  OK  [0m] Mounted Arbitrary Executable File Formats File System.
[[0;32m  OK  [0m] Started AppArmor initialization.
         Starting Load AppArmor profiles managed internally by snapd...
         Starting Initial cloud-init job (pre-networking)...
[[0;32m  OK  [0m] Started Load AppArmor profiles managed internally by snapd.
[   10.731373] cloud-init[579]: Cloud-init v. 23.1.1-0ubuntu0~18.04.1 running 'init-local' at Fri, 31 Mar 2023 01:34:47 +0000. Up 10.18 seconds.
[[0;32m  OK  [0m] Started Initial cloud-init job (pre-networking).
[[0;32m  OK  [0m] Reached target Network (Pre).
         Starting Network Service...
[[0;32m  OK  [0m] Started Network Service.
         Starting Network Name Resolution...
         Starting Wait for Network to be Configured...
[[0;32m  OK  [0m] Started Network Name Resolution.
[[0;32m  OK  [0m] Reached target Host and Network Name Lookups.
[[0;32m  OK  [0m] Reached target Network.
[[0;32m  OK  [0m] Started Wait for Network to be Configured.
         Starting Initial cloud-init job (metadata service crawler)...
[   13.337698] cloud-init[698]: Cloud-init v. 23.1.1-0ubuntu0~18.04.1 running 'init' at Fri, 31 Mar 2023 01:34:50 +0000. Up 12.97 seconds.
[   13.340468] cloud-init[698]: ci-info: ++++++++++++++++++++++++++++++++++++++Net device info+++++++++++++++++++++++++++++++++++++++
[   13.352294] cloud-init[698]: ci-info: +--------+-------+----------------------------+---------------+--------+-------------------+
[   13.354673] cloud-init[698]: ci-info: | Device |   Up  |          Address           |      Mask     | Scope  |     Hw-Address    |
[   13.356732] cloud-init[698]: ci-info: +--------+-------+----------------------------+---------------+--------+-------------------+
[   13.358864] cloud-init[698]: ci-info: | enp0s3 |  True |         10.0.2.15          | 255.255.255.0 | global | 02:59:f1:88:50:de |
[   13.361131] cloud-init[698]: ci-info: | enp0s3 |  True | fe80::59:f1ff:fe88:50de/64 |       .       |  link  | 02:59:f1:88:50:de |
[   13.363337] cloud-init[698]: ci-info: | enp0s8 | False |             .              |       .       |   .    | 08:00:27:81:07:0d |
[   13.365775] cloud-init[698]: ci-info: |   lo   |  True |         127.0.0.1          |   255.0.0.0   |  host  |         .         |
[   13.368296] cloud-init[698]: ci-info: |   lo   |  True |          ::1/128           |       .       |  host  |         .         |
[   13.370422] cloud-init[698]: ci-info: +--------+-------+----------------------------+---------------+--------+-------------------+
[   13.372682] cloud-init[698]: ci-info: ++++++++++++++++++++++++++++Route IPv4 info+++++++++++++++++++++++++++++
[   13.374896] cloud-init[698]: ci-info: +-------+-------------+----------+-----------------+-----------+-------+
[   13.376768] cloud-init[698]: ci-info: | Route | Destination | Gateway  |     Genmask     | Interface | Flags |
[   13.378674] cloud-init[698]: ci-info: +-------+-------------+----------+-----------------+-----------+-------+
[   13.380513] cloud-init[698]: ci-info: |   0   |   0.0.0.0   | 10.0.2.2 |     0.0.0.0     |   enp0s3  |   UG  |
[   13.382349] cloud-init[698]: ci-info: |   1   |   10.0.2.0  | 0.0.0.0  |  255.255.255.0  |   enp0s3  |   U   |
[   13.384259] cloud-init[698]: ci-info: |   2   |   10.0.2.2  | 0.0.0.0  | 255.255.255.255 |   enp0s3  |   UH  |
[   13.386304] cloud-init[698]: ci-info: +-------+-------------+----------+-----------------+-----------+-------+
[   13.388565] cloud-init[698]: ci-info: +++++++++++++++++++Route IPv6 info+++++++++++++++++++
[   13.390327] cloud-init[698]: ci-info: +-------+-------------+---------+-----------+-------+
[   13.392061] cloud-init[698]: ci-info: | Route | Destination | Gateway | Interface | Flags |
[   13.393895] cloud-init[698]: ci-info: +-------+-------------+---------+-----------+-------+
[   13.395681] cloud-init[698]: ci-info: |   1   |  fe80::/64  |    ::   |   enp0s3  |   U   |
[   13.397597] cloud-init[698]: ci-info: |   3   |    local    |    ::   |   enp0s3  |   U   |
[   13.399368] cloud-init[698]: ci-info: |   4   |   ff00::/8  |    ::   |   enp0s3  |   U   |
[   13.401294] cloud-init[698]: ci-info: +-------+-------------+---------+-----------+-------+
[   14.348780] cloud-init[698]: Generating public/private rsa key pair.
[   14.350208] cloud-init[698]: Your identification has been saved in /etc/ssh/ssh_host_rsa_key.
[   14.351939] cloud-init[698]: Your public key has been saved in /etc/ssh/ssh_host_rsa_key.pub.
[   14.353770] cloud-init[698]: The key fingerprint is:
[   14.354771] cloud-init[698]: SHA256:OuLB3ZAnQDYo5guCIgfLGa1D1xCTg7k4lb0S4YN8Niw root@ubuntu-bionic
[   14.356542] cloud-init[698]: The key's randomart image is:
[   14.357723] cloud-init[698]: +---[RSA 2048]----+
[   14.358736] cloud-init[698]: |  =OO            |
[   14.359689] cloud-init[698]: |+O*Boo           |
[   14.360652] cloud-init[698]: |OEO*o.           |
[   14.361662] cloud-init[698]: |XB*.o. .         |
[   14.362744] cloud-init[698]: |=oo.  + S        |
[   14.363679] cloud-init[698]: | . . . *         |
[   14.364704] cloud-init[698]: |    + + .        |
[   14.365702] cloud-init[698]: |   . o .         |
[   14.366697] cloud-init[698]: |    .            |
[   14.367760] cloud-init[698]: +----[SHA256]-----+
[   14.368897] cloud-init[698]: Generating public/private dsa key pair.
[   14.371264] cloud-init[698]: Your identification has been saved in /etc/ssh/ssh_host_dsa_key.
[   14.372664] cloud-init[698]: Your public key has been saved in /etc/ssh/ssh_host_dsa_key.pub.
[   14.374200] cloud-init[698]: The key fingerprint is:
[   14.375253] cloud-init[698]: SHA256:uW9wBrJgVYgQlcwGhBkhfoappv+yocAEAdW3CJX/yoE root@ubuntu-bionic
[   14.376843] cloud-init[698]: The key's randomart image is:
[   14.377904] cloud-init[698]: +---[DSA 1024]----+
[   14.378767] cloud-init[698]: |BB*Xo+ o.        |
[   14.379648] cloud-init[698]: |=.+ O +          |
[   14.380565] cloud-init[698]: |.+ = = .         |
[   14.381482] cloud-init[698]: |o o + + ..       |
[   14.382421] cloud-init[698]: |.o . o +S.       |
[   14.383278] cloud-init[698]: |=   E o o.o      |
[   14.384199] cloud-init[698]: |o..  . o.+       |
[   14.385086] cloud-init[698]: |.o..  o  ..      |
[   14.385991] cloud-init[698]: |. o+.    ..      |
[   14.386861] cloud-init[698]: +----[SHA256]-----+
[   14.387710] cloud-init[698]: Generating public/private ecdsa key pair.
[   14.388853] cloud-init[698]: Your identification has been saved in /etc/ssh/ssh_host_ecdsa_key.
[   14.390413] cloud-init[698]: Your public key has been saved in /etc/ssh/ssh_host_ecdsa_key.pub.
[   14.392219] cloud-init[698]: The key fingerprint is:
[   14.393382] cloud-init[698]: SHA256:UxD02OZU4mhTV6nvFfklwkFWG2STqXIdTU+Y9rxUYco root@ubuntu-bionic
[   14.395548] cloud-init[698]: The key's randomart image is:
[   14.416464] cloud-init[698]: +---[ECDSA 256]---+
[   14.417510] cloud-init[698]: |       .+.o.=+B@+|
[   14.418396] cloud-init[698]: |         O =o.@=+|
[   14.419263] cloud-init[698]: |        = B. E.++|
[   14.420155] cloud-init[698]: |       . *. * o++|
[   14.421095] cloud-init[698]: |        S .o o..=|
[   14.421956] cloud-init[698]: |         .    ..o|
[   14.422745] cloud-init[698]: |             . . |
[   14.423739] cloud-init[698]: |              .  |
[   14.424776] cloud-init[698]: |                 |
[   14.426247] cloud-init[698]: +----[SHA256]-----+
[   14.429061] cloud-init[698]: Generating public/private ed25519 key pair.
[   14.430080] cloud-init[698]: Your identification has been saved in /etc/ssh/ssh_host_ed25519_key.
[   14.447720] cloud-init[698]: Your public key has been saved in /etc/ssh/ssh_host_ed25519_key.pub.
[   14.449995] cloud-init[698]: The key fingerprint is:
[   14.451745] cloud-init[698]: SHA256:In8e/sHS/bMdtKuupr2HcvwKzPphrOr2Y4dspcdm6SA root@ubuntu-bionic
[   14.453740] cloud-init[698]: The key's randomart image is:
[   14.455084] cloud-init[698]: +--[ED25519 256]--+
[   14.455852] cloud-init[698]: |                 |
[   14.456643] cloud-init[698]: |                 |
[   14.457371] cloud-init[698]: |                 |
[   14.458107] cloud-init[698]: |                 |
[   14.458817] cloud-init[698]: |    . . S      . |
[   14.459532] cloud-init[698]: |     o .++ .  . .|
[   14.460289] cloud-init[698]: |     Eo.OB* o  o |
[   14.461017] cloud-init[698]: |     ..@=@+* o..o|
[   14.461804] cloud-init[698]: |    oo=+@=*=B+++.|
[   14.462524] cloud-init[698]: +----[SHA256]-----+
[[0;32m  OK  [0m] Started Initial cloud-init job (metadata service crawler).
[[0;32m  OK  [0m] Reached target System Initialization.
[[0;32m  OK  [0m] Started Daily apt download activities.
[[0;32m  OK  [0m] Started Discard unused blocks once a week.
[[0;32m  OK  [0m] Started Ubuntu Advantage Timer for running repeated jobs.
[[0;32m  OK  [0m] Started ACPI Events Check.
[[0;32m  OK  [0m] Reached target Paths.
[[0;32m  OK  [0m] Started Daily apt upgrade and clean activities.
[[0;32m  OK  [0m] Listening on cloud-init hotplug hook socket.
         Starting Socket activation for snappy daemon.
[[0;32m  OK  [0m] Started Message of the Day.
[[0;32m  OK  [0m] Listening on UUID daemon activation socket.
[[0;32m  OK  [0m] Started Daily Cleanup of Temporary Directories.
[[0;32m  OK  [0m] Reached target Timers.
         Starting LXD - unix socket.
[[0;32m  OK  [0m] Listening on Open-iSCSI iscsid Socket.
[[0;32m  OK  [0m] Listening on ACPID Listen Socket.
[[0;32m  OK  [0m] Listening on D-Bus System Message Bus Socket.
[[0;32m  OK  [0m] Reached target Network is Online.
[[0;32m  OK  [0m] Reached target Remote File Systems (Pre).
[[0;32m  OK  [0m] Reached target Remote File Systems.
         Starting Availability of block devices...
[[0;32m  OK  [0m] Reached target Cloud-config availability.
[[0;32m  OK  [0m] Listening on Socket activation for snappy daemon.
[[0;32m  OK  [0m] Listening on LXD - unix socket.
[[0;32m  OK  [0m] Started Availability of block devices.
[[0;32m  OK  [0m] Reached target Sockets.
[[0;32m  OK  [0m] Reached target Basic System.
         Starting Dispatcher daemon for systemd-networkd...
         Starting LXD - container startup/shutdown...
         Starting Permit User Sessions...
         Starting LSB: Record successful boot for GRUB...
[[0;32m  OK  [0m] Started Deferred execution scheduler.
[[0;32m  OK  [0m] Reached target Login Prompts (Pre).
         Starting Virtualbox guest utils...
[[0;32m  OK  [0m] Started Regular background program processing daemon.
         Starting LSB: automatic crash report generation...
         Starting Login Service...
[[0;32m  OK  [0m] Started D-Bus System Message Bus.
[[0;32m  OK  [0m] Started FUSE filesystem for LXC.
[[0;32m  OK  [0m] Started irqbalance daemon.
         Starting Accounts Service...
         Starting System Logging Service...
         Starting Pollinate to seed the pseudo random number generator...
         Starting Snap Daemon...
[[0;32m  OK  [0m] Started System Logging Service.
[[0;32m  OK  [0m] Started Dispatcher daemon for systemd-networkd.
[[0;32m  OK  [0m] Started LXD - container startup/shutdown.
[[0;32m  OK  [0m] Started Permit User Sessions.
[[0;32m  OK  [0m] Started Login Service.
         Starting Authorization Manager...
[[0;32m  OK  [0m] Started Unattended Upgrades Shutdown.
         Starting Hold until boot process finishes up...
         Starting Terminate Plymouth Boot Screen...
[[0;32m  OK  [0m] Started Hold until boot process finishes up.
[[0;32m  OK  [0m] Started LSB: automatic crash report generation.
[[0;32m  OK  [0m] Started Terminate Plymouth Boot Screen.
[[0;32m  OK  [0m] Started Serial Getty on ttyS0.
         Starting Set console scheme...
[[0;32m  OK  [0m] Started LSB: Record successful boot for GRUB.
[[0;32m  OK  [0m] Started Set console scheme.
[[0;32m  OK  [0m] Started Authorization Manager.
[[0;32m  OK  [0m] Started Accounts Service.
[[0;32m  OK  [0m] Created slice system-getty.slice.
[[0;32m  OK  [0m] Started Getty on tty1.
[[0;32m  OK  [0m] Reached target Login Prompts.
[[0;32m  OK  [0m] Started Virtualbox guest utils.
[[0;32m  OK  [0m] Started Snap Daemon.
         Starting Wait until snapd is fully seeded...
[[0;32m  OK  [0m] Started Pollinate to seed the pseudo random number generator.
         Starting OpenBSD Secure Shell server...
[[0;32m  OK  [0m] Started OpenBSD Secure Shell server.
         Starting Time & Date Service...
[[0;32m  OK  [0m] Started Time & Date Service.
[[0;32m  OK  [0m] Created slice User Slice of vagrant.
         Starting User Manager for UID 1000...
[[0;32m  OK  [0m] Started Session 1 of user vagrant.
[[0;32m  OK  [0m] Started User Manager for UID 1000.
[[0;32m  OK  [0m] Started Wait until snapd is fully seeded.
         Starting Apply the settings specified in cloud-config...

Ubuntu 18.04.6 LTS ubuntu-bionic ttyS0

ubuntu-bionic login: [   21.959580] cloud-init[1343]: Cloud-init v. 23.1.1-0ubuntu0~18.04.1 running 'modules:config' at Fri, 31 Mar 2023 01:34:58 +0000. Up 21.20 seconds.
ci-info: no authorized SSH keys fingerprints found for user ubuntu.
<14>Mar 31 01:35:00 cloud-init: #############################################################
<14>Mar 31 01:35:00 cloud-init: -----BEGIN SSH HOST KEY FINGERPRINTS-----
<14>Mar 31 01:35:00 cloud-init: 1024 SHA256:uW9wBrJgVYgQlcwGhBkhfoappv+yocAEAdW3CJX/yoE root@ubuntu-bionic (DSA)
<14>Mar 31 01:35:00 cloud-init: 256 SHA256:UxD02OZU4mhTV6nvFfklwkFWG2STqXIdTU+Y9rxUYco root@ubuntu-bionic (ECDSA)
<14>Mar 31 01:35:00 cloud-init: 256 SHA256:In8e/sHS/bMdtKuupr2HcvwKzPphrOr2Y4dspcdm6SA root@ubuntu-bionic (ED25519)
<14>Mar 31 01:35:00 cloud-init: 2048 SHA256:OuLB3ZAnQDYo5guCIgfLGa1D1xCTg7k4lb0S4YN8Niw root@ubuntu-bionic (RSA)
<14>Mar 31 01:35:00 cloud-init: -----END SSH HOST KEY FINGERPRINTS-----
<14>Mar 31 01:35:00 cloud-init: #############################################################
-----BEGIN SSH HOST KEY KEYS-----
ecdsa-sha2-nistp256 AAAAE2VjZHNhLXNoYTItbmlzdHAyNTYAAAAIbmlzdHAyNTYAAABBBPBBqs4DRK+rWYLzthwKqV8LDhRk0ira6Czn28GY3k9lpv7XHPUZmYJNhTlfp8pq3gdPMvA/49V2b7Q0MEtaW4c= root@ubuntu-bionic
ssh-ed25519 AAAAC3NzaC1lZDI1NTE5AAAAICOD/G9I4t8p506dSgnTvIhcsMtPvhPWqWT4W365A7JN root@ubuntu-bionic
ssh-rsa AAAAB3NzaC1yc2EAAAADAQABAAABAQDvyG5HxBbKhtzrSqcBHF+KcGm1LQsSV/DQkHeve8ln4uw3VpdAjFQICwqclV6VI0a6IVrbsTK3r6tXxlTfQgmS5FaChmbs1MTbokk9bUHB3mreeqSILesxKIks7S89mxFTBeIJFapJ/iOyiNi0RCqDbos5N76oYwrArA3JAlWDTt/1xy3tHDwA23TBkgiyvEtHTXff8dDZucGjZOG+Vy8i8xtBxLtwySgvnZPCI/+fNaVtKSwXzq2EXaggbyhvugKAULX1gJoKnp2fLeKSuZYrnkxfzw+lht0WxDgQkX5YNEUdeyzmURX83Hxk22vXEzqQ1jKmPKHER7w4Mrl+fp9F root@ubuntu-bionic
-----END SSH HOST KEY KEYS-----
[   23.305402] cloud-init[1481]: Cloud-init v. 23.1.1-0ubuntu0~18.04.1 running 'modules:final' at Fri, 31 Mar 2023 01:35:00 +0000. Up 22.89 seconds.
[   23.305613] cloud-init[1481]: Cloud-init v. 23.1.1-0ubuntu0~18.04.1 finished at Fri, 31 Mar 2023 01:35:00 +0000. Datasource DataSourceNoCloud [seed=/dev/sdb][dsmode=net].  Up 23.29 seconds
